2024-05-08T10:18:34.774+08:00  INFO 7808 --- [demo] [main] com.example.demo.DemoApplication         : Starting DemoApplication using Java 17.0.10 with PID 7808 (C:\Users\beluga\IdeaProjects\demo\target\classes started by 熊子 in C:\Users\beluga\IdeaProjects\demo)
2024-05-08T10:18:34.784+08:00 DEBUG 7808 --- [demo] [main] com.example.demo.DemoApplication         : Running with Spring Boot v3.2.4, Spring v6.1.5
2024-05-08T10:18:34.786+08:00  INFO 7808 --- [demo] [main] com.example.demo.DemoApplication         : No active profile set, falling back to 1 default profile: "default"
2024-05-08T10:18:38.506+08:00 DEBUG 7808 --- [demo] [main] com.zaxxer.hikari.HikariConfig           : Driver class com.mysql.cj.jdbc.Driver found in Thread context class loader jdk.internal.loader.ClassLoaders$AppClassLoader@63947c6b
2024-05-08T10:18:38.662+08:00 DEBUG 7808 --- [demo] [main] com.zaxxer.hikari.HikariConfig           : HikariPool-1 - configuration:
2024-05-08T10:18:38.666+08:00 DEBUG 7808 --- [demo] [main] com.zaxxer.hikari.HikariConfig           : allowPoolSuspension.............false
2024-05-08T10:18:38.667+08:00 DEBUG 7808 --- [demo] [main] com.zaxxer.hikari.HikariConfig           : autoCommit......................true
2024-05-08T10:18:38.667+08:00 DEBUG 7808 --- [demo] [main] com.zaxxer.hikari.HikariConfig           : catalog.........................none
2024-05-08T10:18:38.667+08:00 DEBUG 7808 --- [demo] [main] com.zaxxer.hikari.HikariConfig           : connectionInitSql...............none
2024-05-08T10:18:38.668+08:00 DEBUG 7808 --- [demo] [main] com.zaxxer.hikari.HikariConfig           : connectionTestQuery.............none
2024-05-08T10:18:38.668+08:00 DEBUG 7808 --- [demo] [main] com.zaxxer.hikari.HikariConfig           : connectionTimeout...............30000
2024-05-08T10:18:38.668+08:00 DEBUG 7808 --- [demo] [main] com.zaxxer.hikari.HikariConfig           : dataSource......................none
2024-05-08T10:18:38.668+08:00 DEBUG 7808 --- [demo] [main] com.zaxxer.hikari.HikariConfig           : dataSourceClassName.............none
2024-05-08T10:18:38.668+08:00 DEBUG 7808 --- [demo] [main] com.zaxxer.hikari.HikariConfig           : dataSourceJNDI..................none
2024-05-08T10:18:38.669+08:00 DEBUG 7808 --- [demo] [main] com.zaxxer.hikari.HikariConfig           : dataSourceProperties............{password=<masked>}
2024-05-08T10:18:38.670+08:00 DEBUG 7808 --- [demo] [main] com.zaxxer.hikari.HikariConfig           : driverClassName................."com.mysql.cj.jdbc.Driver"
2024-05-08T10:18:38.670+08:00 DEBUG 7808 --- [demo] [main] com.zaxxer.hikari.HikariConfig           : exceptionOverrideClassName......none
2024-05-08T10:18:38.671+08:00 DEBUG 7808 --- [demo] [main] com.zaxxer.hikari.HikariConfig           : healthCheckProperties...........{}
2024-05-08T10:18:38.671+08:00 DEBUG 7808 --- [demo] [main] com.zaxxer.hikari.HikariConfig           : healthCheckRegistry.............none
2024-05-08T10:18:38.671+08:00 DEBUG 7808 --- [demo] [main] com.zaxxer.hikari.HikariConfig           : idleTimeout.....................600000
2024-05-08T10:18:38.671+08:00 DEBUG 7808 --- [demo] [main] com.zaxxer.hikari.HikariConfig           : initializationFailTimeout.......1
2024-05-08T10:18:38.671+08:00 DEBUG 7808 --- [demo] [main] com.zaxxer.hikari.HikariConfig           : isolateInternalQueries..........false
2024-05-08T10:18:38.672+08:00 DEBUG 7808 --- [demo] [main] com.zaxxer.hikari.HikariConfig           : jdbcUrl.........................jdbc:mysql://localhost:3306/dbsc0423?useSSL=false&serverTimezone=UTC
2024-05-08T10:18:38.672+08:00 DEBUG 7808 --- [demo] [main] com.zaxxer.hikari.HikariConfig           : keepaliveTime...................0
2024-05-08T10:18:38.672+08:00 DEBUG 7808 --- [demo] [main] com.zaxxer.hikari.HikariConfig           : leakDetectionThreshold..........0
2024-05-08T10:18:38.672+08:00 DEBUG 7808 --- [demo] [main] com.zaxxer.hikari.HikariConfig           : maxLifetime.....................1800000
2024-05-08T10:18:38.673+08:00 DEBUG 7808 --- [demo] [main] com.zaxxer.hikari.HikariConfig           : maximumPoolSize.................10
2024-05-08T10:18:38.674+08:00 DEBUG 7808 --- [demo] [main] com.zaxxer.hikari.HikariConfig           : metricRegistry..................none
2024-05-08T10:18:38.675+08:00 DEBUG 7808 --- [demo] [main] com.zaxxer.hikari.HikariConfig           : metricsTrackerFactory...........none
2024-05-08T10:18:38.675+08:00 DEBUG 7808 --- [demo] [main] com.zaxxer.hikari.HikariConfig           : minimumIdle.....................10
2024-05-08T10:18:38.675+08:00 DEBUG 7808 --- [demo] [main] com.zaxxer.hikari.HikariConfig           : password........................<masked>
2024-05-08T10:18:38.675+08:00 DEBUG 7808 --- [demo] [main] com.zaxxer.hikari.HikariConfig           : poolName........................"HikariPool-1"
2024-05-08T10:18:38.676+08:00 DEBUG 7808 --- [demo] [main] com.zaxxer.hikari.HikariConfig           : readOnly........................false
2024-05-08T10:18:38.677+08:00 DEBUG 7808 --- [demo] [main] com.zaxxer.hikari.HikariConfig           : registerMbeans..................false
2024-05-08T10:18:38.678+08:00 DEBUG 7808 --- [demo] [main] com.zaxxer.hikari.HikariConfig           : scheduledExecutor...............none
2024-05-08T10:18:38.678+08:00 DEBUG 7808 --- [demo] [main] com.zaxxer.hikari.HikariConfig           : schema..........................none
2024-05-08T10:18:38.678+08:00 DEBUG 7808 --- [demo] [main] com.zaxxer.hikari.HikariConfig           : threadFactory...................internal
2024-05-08T10:18:38.678+08:00 DEBUG 7808 --- [demo] [main] com.zaxxer.hikari.HikariConfig           : transactionIsolation............default
2024-05-08T10:18:38.678+08:00 DEBUG 7808 --- [demo] [main] com.zaxxer.hikari.HikariConfig           : username........................"root"
2024-05-08T10:18:38.679+08:00 DEBUG 7808 --- [demo] [main] com.zaxxer.hikari.HikariConfig           : validationTimeout...............5000
2024-05-08T10:18:38.679+08:00  INFO 7808 --- [demo] [main] com.zaxxer.hikari.HikariDataSource       : HikariPool-1 - Starting...
2024-05-08T10:18:39.140+08:00  INFO 7808 --- [demo] [main] com.zaxxer.hikari.pool.HikariPool        : HikariPool-1 - Added connection com.mysql.cj.jdbc.ConnectionImpl@1a2773a8
2024-05-08T10:18:39.143+08:00  INFO 7808 --- [demo] [main] com.zaxxer.hikari.HikariDataSource       : HikariPool-1 - Start completed.
2024-05-08T10:18:39.247+08:00 DEBUG 7808 --- [demo] [HikariPool-1 housekeeper] com.zaxxer.hikari.pool.HikariPool        : HikariPool-1 - Pool stats (total=1, active=0, idle=1, waiting=0)
2024-05-08T10:18:39.269+08:00 DEBUG 7808 --- [demo] [HikariPool-1 connection adder] com.zaxxer.hikari.pool.HikariPool        : HikariPool-1 - Added connection com.mysql.cj.jdbc.ConnectionImpl@726e24b9
2024-05-08T10:18:39.303+08:00 DEBUG 7808 --- [demo] [HikariPool-1 connection adder] com.zaxxer.hikari.pool.HikariPool        : HikariPool-1 - Added connection com.mysql.cj.jdbc.ConnectionImpl@33532e82
2024-05-08T10:18:39.331+08:00 DEBUG 7808 --- [demo] [HikariPool-1 connection adder] com.zaxxer.hikari.pool.HikariPool        : HikariPool-1 - Added connection com.mysql.cj.jdbc.ConnectionImpl@2aab9f8
2024-05-08T10:18:39.362+08:00 DEBUG 7808 --- [demo] [HikariPool-1 connection adder] com.zaxxer.hikari.pool.HikariPool        : HikariPool-1 - Added connection com.mysql.cj.jdbc.ConnectionImpl@537cd1cd
2024-05-08T10:18:39.392+08:00 DEBUG 7808 --- [demo] [HikariPool-1 connection adder] com.zaxxer.hikari.pool.HikariPool        : HikariPool-1 - Added connection com.mysql.cj.jdbc.ConnectionImpl@15c9cffb
2024-05-08T10:18:39.408+08:00 DEBUG 7808 --- [demo] [HikariPool-1 connection adder] com.zaxxer.hikari.pool.HikariPool        : HikariPool-1 - Added connection com.mysql.cj.jdbc.ConnectionImpl@5732ee18
2024-05-08T10:18:39.425+08:00 DEBUG 7808 --- [demo] [HikariPool-1 connection adder] com.zaxxer.hikari.pool.HikariPool        : HikariPool-1 - Added connection com.mysql.cj.jdbc.ConnectionImpl@1f10fdf6
2024-05-08T10:18:39.456+08:00 DEBUG 7808 --- [demo] [HikariPool-1 connection adder] com.zaxxer.hikari.pool.HikariPool        : HikariPool-1 - Added connection com.mysql.cj.jdbc.ConnectionImpl@290f11ea
2024-05-08T10:18:39.472+08:00 DEBUG 7808 --- [demo] [HikariPool-1 connection adder] com.zaxxer.hikari.pool.HikariPool        : HikariPool-1 - Added connection com.mysql.cj.jdbc.ConnectionImpl@47b4b09c
2024-05-08T10:18:39.483+08:00 DEBUG 7808 --- [demo] [HikariPool-1 connection adder] com.zaxxer.hikari.pool.HikariPool        : HikariPool-1 - After adding stats (total=10, active=0, idle=10, waiting=0)
2024-05-08T10:18:42.448+08:00  WARN 7808 --- [demo] [main] JpaBaseConfiguration$JpaWebConfiguration : spring.jpa.open-in-view is enabled by default. Therefore, database queries may be performed during view rendering. Explicitly configure spring.jpa.open-in-view to disable this warning
2024-05-08T10:18:43.816+08:00  WARN 7808 --- [demo] [main] .s.s.UserDetailsServiceAutoConfiguration : 

Using generated security password: 9d02eeef-578b-4b03-a8cd-a846b17c90e9

This generated password is for development use only. Your security configuration must be updated before running your application in production.

2024-05-08T10:18:44.304+08:00  INFO 7808 --- [demo] [main] com.example.demo.DemoApplication         : Started DemoApplication in 10.269 seconds (process running for 11.404)
2024-05-08T10:18:50.211+08:00  INFO 7808 --- [demo] [SpringApplicationShutdownHook] com.zaxxer.hikari.HikariDataSource       : HikariPool-1 - Shutdown initiated...
2024-05-08T10:18:50.212+08:00 DEBUG 7808 --- [demo] [SpringApplicationShutdownHook] com.zaxxer.hikari.pool.HikariPool        : HikariPool-1 - Before shutdown stats (total=10, active=0, idle=10, waiting=0)
2024-05-08T10:18:50.214+08:00 DEBUG 7808 --- [demo] [HikariPool-1 connection closer] com.zaxxer.hikari.pool.PoolBase          : HikariPool-1 - Closing connection com.mysql.cj.jdbc.ConnectionImpl@1a2773a8: (connection evicted)
2024-05-08T10:18:50.254+08:00 DEBUG 7808 --- [demo] [HikariPool-1 connection closer] com.zaxxer.hikari.pool.PoolBase          : HikariPool-1 - Closing connection com.mysql.cj.jdbc.ConnectionImpl@726e24b9: (connection evicted)
2024-05-08T10:18:50.254+08:00 DEBUG 7808 --- [demo] [HikariPool-1 connection closer] com.zaxxer.hikari.pool.PoolBase          : HikariPool-1 - Closing connection com.mysql.cj.jdbc.ConnectionImpl@33532e82: (connection evicted)
2024-05-08T10:18:50.255+08:00 DEBUG 7808 --- [demo] [HikariPool-1 connection closer] com.zaxxer.hikari.pool.PoolBase          : HikariPool-1 - Closing connection com.mysql.cj.jdbc.ConnectionImpl@2aab9f8: (connection evicted)
2024-05-08T10:18:50.255+08:00 DEBUG 7808 --- [demo] [HikariPool-1 connection closer] com.zaxxer.hikari.pool.PoolBase          : HikariPool-1 - Closing connection com.mysql.cj.jdbc.ConnectionImpl@537cd1cd: (connection evicted)
2024-05-08T10:18:50.256+08:00 DEBUG 7808 --- [demo] [HikariPool-1 connection closer] com.zaxxer.hikari.pool.PoolBase          : HikariPool-1 - Closing connection com.mysql.cj.jdbc.ConnectionImpl@15c9cffb: (connection evicted)
2024-05-08T10:18:50.257+08:00 DEBUG 7808 --- [demo] [HikariPool-1 connection closer] com.zaxxer.hikari.pool.PoolBase          : HikariPool-1 - Closing connection com.mysql.cj.jdbc.ConnectionImpl@5732ee18: (connection evicted)
2024-05-08T10:18:50.257+08:00 DEBUG 7808 --- [demo] [HikariPool-1 connection closer] com.zaxxer.hikari.pool.PoolBase          : HikariPool-1 - Closing connection com.mysql.cj.jdbc.ConnectionImpl@1f10fdf6: (connection evicted)
2024-05-08T10:18:50.258+08:00 DEBUG 7808 --- [demo] [HikariPool-1 connection closer] com.zaxxer.hikari.pool.PoolBase          : HikariPool-1 - Closing connection com.mysql.cj.jdbc.ConnectionImpl@290f11ea: (connection evicted)
2024-05-08T10:18:50.258+08:00 DEBUG 7808 --- [demo] [HikariPool-1 connection closer] com.zaxxer.hikari.pool.PoolBase          : HikariPool-1 - Closing connection com.mysql.cj.jdbc.ConnectionImpl@47b4b09c: (connection evicted)
2024-05-08T10:18:50.259+08:00 DEBUG 7808 --- [demo] [SpringApplicationShutdownHook] com.zaxxer.hikari.pool.HikariPool        : HikariPool-1 - After shutdown stats (total=0, active=0, idle=0, waiting=0)
2024-05-08T10:18:50.260+08:00  INFO 7808 --- [demo] [SpringApplicationShutdownHook] com.zaxxer.hikari.HikariDataSource       : HikariPool-1 - Shutdown completed.
2024-05-08T10:56:59.444+08:00  INFO 4332 --- [demo] [restartedMain] com.example.demo.DemoApplication         : Starting DemoApplication using Java 17.0.10 with PID 4332 (C:\Users\beluga\IdeaProjects\demo\target\classes started by 熊子 in C:\Users\beluga\IdeaProjects\demo)
2024-05-08T10:56:59.447+08:00 DEBUG 4332 --- [demo] [restartedMain] com.example.demo.DemoApplication         : Running with Spring Boot v3.2.4, Spring v6.1.5
2024-05-08T10:56:59.449+08:00  INFO 4332 --- [demo] [restartedMain] com.example.demo.DemoApplication         : No active profile set, falling back to 1 default profile: "default"
2024-05-08T10:57:02.764+08:00  WARN 4332 --- [demo] [restartedMain] ConfigServletWebServerApplicationContext : Exception encountered during context initialization - cancelling refresh attempt: org.springframework.beans.factory.UnsatisfiedDependencyException: Error creating bean with name 'dataSourceScriptDatabaseInitializer' defined in class path resource [org/springframework/boot/autoconfigure/sql/init/DataSourceInitializationConfiguration.class]: Unsatisfied dependency expressed through method 'dataSourceScriptDatabaseInitializer' parameter 0: Error creating bean with name 'dataSource' defined in class path resource [org/springframework/boot/autoconfigure/jdbc/DataSourceConfiguration$Hikari.class]: Failed to instantiate [com.zaxxer.hikari.HikariDataSource]: Factory method 'dataSource' threw exception with message: Failed to determine a suitable driver class
2024-05-08T10:57:02.859+08:00 ERROR 4332 --- [demo] [restartedMain] o.s.b.d.LoggingFailureAnalysisReporter   : 

***************************
APPLICATION FAILED TO START
***************************

Description:

Failed to configure a DataSource: 'url' attribute is not specified and no embedded datasource could be configured.

Reason: Failed to determine a suitable driver class


Action:

Consider the following:
	If you want an embedded database (H2, HSQL or Derby), please put it on the classpath.
	If you have database settings to be loaded from a particular profile you may need to activate it (no profiles are currently active).

